[2019-12-03T10:39:10.739] [ERROR] trappsporte - [action: query][msg: {}][line:135:C:\Users\Usuario\Desktop\ParkitApp\parkit\backend\app\services\service.js]
[2019-12-03T11:17:32.382] [ERROR] trappsporte - [action: query][msg: {}][line:135:C:\Users\Usuario\Desktop\ParkitApp\parkit\backend\app\services\service.js]
[2019-12-03T18:57:20.072] [ERROR] trappsporte - [action: validation][msg: apellidos es requerido, contraseña es requerida, perfil de usuario es requerido, Table 'parkit.registro_users' doesn't exist][line:17:C:\Users\Usuario\Desktop\ParkitApp\parkit\backend\app\utils\validator.js]
[2019-12-03T19:15:12.890] [ERROR] trappsporte - [action: validation][msg: apellidos es requerido, N.documento es requerido, contraseña debe tener minimo 6 y máximo 12 caracteres, Unknown column 'apellido' in 'field list'][line:17:C:\Users\Usuario\Desktop\ParkitApp\parkit\backend\app\utils\validator.js]
[2019-12-03T19:20:01.653] [ERROR] trappsporte - [action: validation][msg: apellidos es requerido, N.documento es requerido, contraseña debe tener minimo 6 y máximo 12 caracteres, Unknown column 'apellido' in 'field list'][line:17:C:\Users\Usuario\Desktop\ParkitApp\parkit\backend\app\utils\validator.js]
[2019-12-03T19:26:10.766] [ERROR] trappsporte - [action: validation][msg: apellidos es requerido, N.documento es requerido, Unknown column 'apellido' in 'field list'][line:17:C:\Users\Usuario\Desktop\ParkitApp\parkit\backend\app\utils\validator.js]
[2019-12-03T19:27:24.246] [ERROR] trappsporte - [action: validation][msg: apellidos es requerido, N.documento es requerido, Unknown column 'apellido' in 'field list'][line:17:C:\Users\Usuario\Desktop\ParkitApp\parkit\backend\app\utils\validator.js]
[2019-12-03T19:28:29.270] [ERROR] trappsporte - [action: validation][msg: apellidos es requerido, N.documento es requerido, Unknown column 'apellido' in 'field list'][line:17:C:\Users\Usuario\Desktop\ParkitApp\parkit\backend\app\utils\validator.js]
[2019-12-03T19:32:39.665] [ERROR] trappsporte - [action: validation][msg: apellidos es requerido, Unknown column 'apellido' in 'field list'][line:17:C:\Users\Usuario\Desktop\ParkitApp\parkit\backend\app\utils\validator.js]
[2019-12-03T19:35:27.975] [ERROR] trappsporte - [action: create][msg: null][line:43:C:\Users\Usuario\Desktop\ParkitApp\parkit\backend\app\services\service.js]
[2019-12-03T19:46:33.775] [ERROR] trappsporte - [action: create][msg: null][line:43:C:\Users\Usuario\Desktop\ParkitApp\parkit\backend\app\services\service.js]
[2019-12-03T19:49:54.850] [ERROR] trappsporte - [action: create][msg: null][line:43:C:\Users\Usuario\Desktop\ParkitApp\parkit\backend\app\services\service.js]
[2019-12-03T19:51:46.996] [ERROR] trappsporte - [action: create][msg: null][line:46:C:\Users\Usuario\Desktop\ParkitApp\parkit\backend\app\services\service.js]
[2019-12-03T19:54:24.145] [ERROR] trappsporte - [action: create][msg: null][line:46:C:\Users\Usuario\Desktop\ParkitApp\parkit\backend\app\services\service.js]
[2019-12-03T19:55:05.748] [ERROR] trappsporte - [action: create][msg: null][line:46:C:\Users\Usuario\Desktop\ParkitApp\parkit\backend\app\services\service.js]
[2019-12-03T19:55:54.848] [ERROR] trappsporte - [action: create][msg: null][line:46:C:\Users\Usuario\Desktop\ParkitApp\parkit\backend\app\services\service.js]
[2019-12-03T19:59:11.792] [ERROR] trappsporte - [action: create][msg: null][line:52:C:\Users\Usuario\Desktop\ParkitApp\parkit\backend\app\services\service.js]
[2019-12-03T20:01:18.179] [ERROR] trappsporte - [action: create][msg: null][line:52:C:\Users\Usuario\Desktop\ParkitApp\parkit\backend\app\services\service.js]
[2019-12-03T20:01:56.707] [ERROR] trappsporte - [action: create][msg: null][line:52:C:\Users\Usuario\Desktop\ParkitApp\parkit\backend\app\services\service.js]
[2019-12-03T20:05:10.725] [ERROR] trappsporte - [action: create][msg: null][line:59:C:\Users\Usuario\Desktop\ParkitApp\parkit\backend\app\services\service.js]
[2019-12-03T20:07:03.918] [ERROR] trappsporte - [action: create][msg: null][line:44:C:\Users\Usuario\Desktop\ParkitApp\parkit\backend\app\services\service.js]
[2019-12-03T20:07:08.903] [ERROR] trappsporte - [action: create][msg: null][line:44:C:\Users\Usuario\Desktop\ParkitApp\parkit\backend\app\services\service.js]
[2019-12-03T20:13:39.158] [ERROR] trappsporte - [action: create][msg: null][line:44:C:\Users\Usuario\Desktop\ParkitApp\parkit\backend\app\services\service.js]
[2019-12-03T20:14:15.604] [ERROR] trappsporte - [action: create][msg: null][line:47:C:\Users\Usuario\Desktop\ParkitApp\parkit\backend\app\services\service.js]
[2019-12-03T20:14:30.066] [ERROR] trappsporte - [action: create][msg: null][line:47:C:\Users\Usuario\Desktop\ParkitApp\parkit\backend\app\services\service.js]
[2019-12-03T20:15:59.252] [ERROR] trappsporte - [action: create][msg: null][line:47:C:\Users\Usuario\Desktop\ParkitApp\parkit\backend\app\services\service.js]
[2019-12-03T20:17:48.116] [ERROR] trappsporte - [action: create][msg: null][line:47:C:\Users\Usuario\Desktop\ParkitApp\parkit\backend\app\services\service.js]
[2019-12-03T20:30:08.215] [ERROR] trappsporte - [action: create][msg: null][line:47:C:\Users\Usuario\Desktop\ParkitApp\parkit\backend\app\services\service.js]
[2019-12-03T20:30:25.716] [ERROR] trappsporte - [action: create][msg: null][line:47:C:\Users\Usuario\Desktop\ParkitApp\parkit\backend\app\services\service.js]
[2019-12-03T20:30:31.457] [ERROR] trappsporte - [action: create][msg: null][line:47:C:\Users\Usuario\Desktop\ParkitApp\parkit\backend\app\services\service.js]
[2019-12-05T23:25:37.950] [ERROR] trappsporte - [action: create][msg: null][line:47:C:\Users\Usuario\Desktop\ParkitApp\parkit\backend\app\services\service.js]
[2019-12-05T23:33:27.536] [ERROR] trappsporte - [action: create][msg: null][line:47:C:\Users\Usuario\Desktop\ParkitApp\parkit\backend\app\services\service.js]
[2019-12-05T23:33:28.344] [ERROR] trappsporte - [action: create][msg: null][line:47:C:\Users\Usuario\Desktop\ParkitApp\parkit\backend\app\services\service.js]
[2019-12-05T23:33:28.810] [ERROR] trappsporte - [action: create][msg: null][line:47:C:\Users\Usuario\Desktop\ParkitApp\parkit\backend\app\services\service.js]
[2019-12-05T23:33:29.005] [ERROR] trappsporte - [action: create][msg: null][line:47:C:\Users\Usuario\Desktop\ParkitApp\parkit\backend\app\services\service.js]
[2019-12-05T23:33:29.206] [ERROR] trappsporte - [action: create][msg: null][line:47:C:\Users\Usuario\Desktop\ParkitApp\parkit\backend\app\services\service.js]
[2019-12-05T23:33:29.481] [ERROR] trappsporte - [action: create][msg: null][line:47:C:\Users\Usuario\Desktop\ParkitApp\parkit\backend\app\services\service.js]
[2019-12-05T23:33:29.768] [ERROR] trappsporte - [action: create][msg: null][line:47:C:\Users\Usuario\Desktop\ParkitApp\parkit\backend\app\services\service.js]
[2019-12-05T23:33:30.044] [ERROR] trappsporte - [action: create][msg: null][line:47:C:\Users\Usuario\Desktop\ParkitApp\parkit\backend\app\services\service.js]
[2019-12-05T23:33:30.312] [ERROR] trappsporte - [action: create][msg: null][line:47:C:\Users\Usuario\Desktop\ParkitApp\parkit\backend\app\services\service.js]
[2019-12-05T23:33:30.581] [ERROR] trappsporte - [action: create][msg: null][line:47:C:\Users\Usuario\Desktop\ParkitApp\parkit\backend\app\services\service.js]
[2019-12-05T23:33:30.818] [ERROR] trappsporte - [action: create][msg: null][line:47:C:\Users\Usuario\Desktop\ParkitApp\parkit\backend\app\services\service.js]
[2019-12-05T23:33:31.058] [ERROR] trappsporte - [action: create][msg: null][line:47:C:\Users\Usuario\Desktop\ParkitApp\parkit\backend\app\services\service.js]
[2019-12-05T23:33:31.290] [ERROR] trappsporte - [action: create][msg: null][line:47:C:\Users\Usuario\Desktop\ParkitApp\parkit\backend\app\services\service.js]
[2019-12-05T23:33:31.477] [ERROR] trappsporte - [action: create][msg: null][line:47:C:\Users\Usuario\Desktop\ParkitApp\parkit\backend\app\services\service.js]
