[2019-12-09T20:39:54.304] [ERROR] trappsporte - [action: validation][msg: N.documento es requerido][line:18:C:\Users\Usuario\Documents\AppParkit\parkit\backend\app\utils\validator.js]
[2019-12-09T20:40:53.801] [ERROR] trappsporte - [action: validation][msg: N.documento es requerido][line:18:C:\Users\Usuario\Documents\AppParkit\parkit\backend\app\utils\validator.js]
[2019-12-09T20:41:32.982] [ERROR] trappsporte - [action: validation][msg: usuarios.tipoDocumento cannot be null, N.documento es requerido][line:18:C:\Users\Usuario\Documents\AppParkit\parkit\backend\app\utils\validator.js]
[2019-12-09T20:43:21.745] [ERROR] trappsporte - [action: create][msg: null][line:47:C:\Users\Usuario\Documents\AppParkit\parkit\backend\app\services\service.js]
[2019-12-09T20:43:53.353] [ERROR] trappsporte - [action: create][msg: null][line:47:C:\Users\Usuario\Documents\AppParkit\parkit\backend\app\services\service.js]
[2019-12-09T20:44:59.553] [ERROR] trappsporte - [action: create][msg: null][line:47:C:\Users\Usuario\Documents\AppParkit\parkit\backend\app\services\service.js]
[2019-12-09T20:50:13.756] [ERROR] trappsporte - [action: create][msg: null][line:47:C:\Users\Usuario\Documents\AppParkit\parkit\backend\app\services\service.js]
[2019-12-09T20:56:38.123] [ERROR] trappsporte - [action: create][msg: null][line:47:C:\Users\Usuario\Documents\AppParkit\parkit\backend\app\services\service.js]
[2019-12-09T21:02:39.436] [ERROR] trappsporte - [action: create][msg: null][line:47:C:\Users\Usuario\Documents\AppParkit\parkit\backend\app\services\service.js]
[2019-12-09T21:04:59.371] [ERROR] trappsporte - [action: create][msg: null][line:47:C:\Users\Usuario\Documents\AppParkit\parkit\backend\app\services\service.js]
[2019-12-09T21:06:11.159] [ERROR] trappsporte - [action: validation][msg: usuarios.tipo_documento cannot be null, N.documento es requerido][line:18:C:\Users\Usuario\Documents\AppParkit\parkit\backend\app\utils\validator.js]
[2019-12-09T21:07:55.475] [ERROR] trappsporte - [action: validation][msg: usuarios.tipo_documento cannot be null, N.documento es requerido][line:18:C:\Users\Usuario\Documents\AppParkit\parkit\backend\app\utils\validator.js]
[2019-12-09T21:09:36.267] [ERROR] trappsporte - [action: create][msg: null][line:47:C:\Users\Usuario\Documents\AppParkit\parkit\backend\app\services\service.js]
[2019-12-09T21:10:14.190] [ERROR] trappsporte - [action: validation][msg: usuarios.tipo_documento cannot be null, N.documento es requerido][line:18:C:\Users\Usuario\Documents\AppParkit\parkit\backend\app\utils\validator.js]
[2019-12-09T21:10:34.811] [ERROR] trappsporte - [action: create][msg: null][line:47:C:\Users\Usuario\Documents\AppParkit\parkit\backend\app\services\service.js]
[2019-12-09T21:10:42.539] [ERROR] trappsporte - [action: validation][msg: apellidos debe tener minimo 3 y máximo 100 caracteres][line:18:C:\Users\Usuario\Documents\AppParkit\parkit\backend\app\utils\validator.js]
[2019-12-09T21:10:48.090] [ERROR] trappsporte - [action: create][msg: null][line:47:C:\Users\Usuario\Documents\AppParkit\parkit\backend\app\services\service.js]
[2019-12-09T21:12:03.382] [ERROR] trappsporte - [action: validation][msg: usuarios.tipo_documento cannot be null, N.documento es requerido][line:18:C:\Users\Usuario\Documents\AppParkit\parkit\backend\app\utils\validator.js]
[2019-12-09T21:12:33.132] [ERROR] trappsporte - [action: validation][msg: usuarios.tipo_documento cannot be null, N.documento es requerido][line:18:C:\Users\Usuario\Documents\AppParkit\parkit\backend\app\utils\validator.js]
[2019-12-09T21:13:51.146] [ERROR] trappsporte - [action: validation][msg: usuarios.tipo_documento cannot be null, N.documento es requerido][line:18:C:\Users\Usuario\Documents\AppParkit\parkit\backend\app\utils\validator.js]
[2019-12-09T21:15:45.440] [ERROR] trappsporte - [action: create][msg: null][line:47:C:\Users\Usuario\Documents\AppParkit\parkit\backend\app\services\service.js]
[2019-12-09T21:20:50.879] [ERROR] trappsporte - [action: create][msg: null][line:47:C:\Users\Usuario\Documents\AppParkit\parkit\backend\app\services\service.js]
[2019-12-09T21:21:16.777] [ERROR] trappsporte - [action: create][msg: null][line:47:C:\Users\Usuario\Documents\AppParkit\parkit\backend\app\services\service.js]
[2019-12-10T18:50:44.072] [ERROR] trappsporte - [action: create][msg: null][line:47:C:\Users\Usuario\Documents\AppParkit\parkit\backend\app\services\service.js]
[2019-12-10T19:07:27.932] [ERROR] trappsporte - [action: create][msg: null][line:47:C:\Users\Usuario\Documents\AppParkit\parkit\backend\app\services\service.js]
